<?xml version="1.0" encoding="UTF-8"?>
<!-- Generated by org.testng.reporters.JUnitReportReporter -->
<testsuite hostname="DESKTOP-62FASB5" failures="0" tests="1" name="com.automation.testcases.LoginTestCRM" time="14.600" errors="0" timestamp="2021-09-17T06:30:26 IST" skipped="0">
  <testcase classname="com.automation.testcases.LoginTestCRM" name="loginApp" time="14.600"/>
  <system-out/>
</testsuite> <!-- com.automation.testcases.LoginTestCRM -->
